<?xml version="1.0" encoding="UTF-8"?>
<!-- Generated by org.testng.reporters.JUnitReportReporter -->
<testsuite skipped="0" hostname="Sudip" name="test.testngbegginer" tests="1" failures="0" timestamp="16 Apr 2019 05:22:56 GMT" time="12.410" errors="0">
  <testcase name="loginapplication" time="12.410" classname="test.testngbegginer"/>
</testsuite> <!-- test.testngbegginer -->
